<?xml version="1.0" encoding="UTF-8"?>
<testng-results total="1" passed="1" failed="0" skipped="0">
  <reporter-output>
  </reporter-output>
  <suite started-at="2022-06-25T08:11:52Z" name="Default suite" finished-at="2022-06-25T08:12:26Z" duration-ms="34710">
    <groups>
    </groups>
    <test started-at="2022-06-25T08:11:52Z" name="Default test" finished-at="2022-06-25T08:12:26Z" duration-ms="34710">
      <class name="com.urbanladder.TestCases.BookShelves_TestCases">
        <test-method signature="displayBookShelves()[pri:0, instance:com.urbanladder.TestCases.BookShelves_TestCases@6fa51cd4]" started-at="2022-06-25T13:41:52Z" name="displayBookShelves" finished-at="2022-06-25T13:42:26Z" duration-ms="34675" status="PASS">
          <reporter-output>
          </reporter-output>
        </test-method> <!-- displayBookShelves -->
      </class> <!-- com.urbanladder.TestCases.BookShelves_TestCases -->
    </test> <!-- Default test -->
  </suite> <!-- Default suite -->
</testng-results>
